#
# There is insufficient memory for the Java Runtime Environment to continue.
# Native memory allocation (malloc) failed to allocate 2132336 bytes for Chunk::new
# Possible reasons:
#   The system is out of physical RAM or swap space
#   The process is running with CompressedOops enabled, and the Java Heap may be blocking the growth of the native heap
# Possible solutions:
#   Reduce memory load on the system
#   Increase physical memory or swap space
#   Check if swap backing store is full
#   Decrease Java heap size (-Xmx/-Xms)
#   Decrease number of Java threads
#   Decrease Java thread stack sizes (-Xss)
#   Set larger code cache with -XX:ReservedCodeCacheSize=
#   JVM is running with Unscaled Compressed Oops mode in which the Java heap is
#     placed in the first 4GB address space. The Java Heap base address is the
#     maximum limit for the native heap growth. Please use -XX:HeapBaseMinAddress
#     to set the Java Heap base and to place the Java Heap above 4GB virtual address.
# This output file may be truncated or incomplete.
#
#  Out of Memory Error (allocation.cpp:389), pid=17284, tid=0x0000000000005ac4
#
# JRE version: OpenJDK Runtime Environment (8.0_242-b01) (build 1.8.0_242-release-1644-b01)
# Java VM: OpenJDK 64-Bit Server VM (25.242-b01 mixed mode windows-amd64 compressed oops)
# Failed to write core dump. Minidumps are not enabled by default on client versions of Windows
#

---------------  T H R E A D  ---------------

Current thread (0x0000000019dd6800):  JavaThread "C2 CompilerThread2" daemon [_thread_in_native, id=23236, stack(0x000000001a890000,0x000000001a990000)]

Stack: [0x000000001a890000,0x000000001a990000]
[error occurred during error reporting (printing stack bounds), id 0xc0000005]

Native frames: (J=compiled Java code, j=interpreted, Vv=VM code, C=native code)


Current CompileTask:
C2:   4533 1550   !   4       java.net.URLClassLoader$1::run (63 bytes)


---------------  P R O C E S S  ---------------

Java Threads: ( => current thread )
  0x000000001cc4d000 JavaThread "Cache worker for file hash cache (C:\Users\PC\.gradle\caches\6.5\fileHashes)" [_thread_blocked, id=27928, stack(0x000000001edb0000,0x000000001eeb0000)]
  0x000000001cc4f000 JavaThread "File lock request listener" [_thread_in_native, id=20396, stack(0x000000001ecb0000,0x000000001edb0000)]
  0x000000001ad90000 JavaThread "Cache worker for journal cache (C:\Users\PC\.gradle\caches\journal-1)" [_thread_blocked, id=19324, stack(0x000000001ebb0000,0x000000001ecb0000)]
  0x0000000019ede800 JavaThread "Thread-9" [_thread_blocked, id=26068, stack(0x000000001e8b0000,0x000000001e9b0000)]
  0x000000001af98000 JavaThread "Stdin handler" [_thread_blocked, id=24004, stack(0x000000001e7b0000,0x000000001e8b0000)]
  0x000000001af96000 JavaThread "Asynchronous log dispatcher for DefaultDaemonConnection: socket connection from /127.0.0.1:59633 to /127.0.0.1:59634" [_thread_blocked, id=16352, stack(0x000000001e6b0000,0x000000001e7b0000)]
  0x000000001af95000 JavaThread "Daemon worker" [_thread_in_vm, id=12840, stack(0x000000001e5b0000,0x000000001e6b0000)]
  0x000000001b0ba800 JavaThread "Cancel handler" [_thread_blocked, id=27488, stack(0x000000001e3b0000,0x000000001e4b0000)]
  0x000000001c971800 JavaThread "Handler for socket connection from /127.0.0.1:59633 to /127.0.0.1:59634" [_thread_in_native, id=7336, stack(0x000000001e2b0000,0x000000001e3b0000)]
  0x000000001c97e000 JavaThread "Daemon" [_thread_blocked, id=24692, stack(0x000000001e1b0000,0x000000001e2b0000)]
  0x000000001c934800 JavaThread "Daemon periodic checks" [_thread_blocked, id=16336, stack(0x000000001deb0000,0x000000001dfb0000)]
  0x000000001c8a0000 JavaThread "Incoming local TCP Connector on port 59633" [_thread_in_native, id=13116, stack(0x000000001dc70000,0x000000001dd70000)]
  0x000000001c885800 JavaThread "Daemon health stats" [_thread_blocked, id=25224, stack(0x000000001d630000,0x000000001d730000)]
  0x0000000019e6c800 JavaThread "Service Thread" daemon [_thread_blocked, id=9480, stack(0x000000001aa90000,0x000000001ab90000)]
  0x0000000019ddc000 JavaThread "C1 CompilerThread3" daemon [_thread_blocked, id=23764, stack(0x000000001a990000,0x000000001aa90000)]
=>0x0000000019dd6800 JavaThread "C2 CompilerThread2" daemon [_thread_in_native, id=23236, stack(0x000000001a890000,0x000000001a990000)]
  0x0000000019dd3800 JavaThread "C2 CompilerThread1" daemon [_thread_in_native, id=11712, stack(0x000000001a790000,0x000000001a890000)]
  0x0000000019dd1000 JavaThread "C2 CompilerThread0" daemon [_thread_in_native, id=9812, stack(0x000000001a690000,0x000000001a790000)]
  0x0000000019dd0000 JavaThread "Attach Listener" daemon [_thread_blocked, id=26340, stack(0x000000001a590000,0x000000001a690000)]
  0x0000000019dcf000 JavaThread "Signal Dispatcher" daemon [_thread_blocked, id=28380, stack(0x000000001a490000,0x000000001a590000)]
  0x0000000019dc1000 JavaThread "Finalizer" daemon [_thread_blocked, id=26364, stack(0x000000001a2a0000,0x000000001a3a0000)]
  0x0000000002f57000 JavaThread "Reference Handler" daemon [_thread_blocked, id=28452, stack(0x000000001a1a0000,0x000000001a2a0000)]
  0x0000000002cfe000 JavaThread "main" [_thread_blocked, id=2216, stack(0x0000000002d60000,0x0000000002e60000)]

Other Threads:
  0x0000000017fc6800 VMThread [stack: 0x0000000019ca0000,0x0000000019da0000] [id=28376]
  0x0000000019e6d800 WatcherThread [stack: 0x000000001ab90000,0x000000001ac90000] [id=28392]

VM state:not at safepoint (normal execution)

VM Mutex/Monitor currently owned by a thread: None

heap address: 0x0000000080000000, size: 2048 MB, Compressed Oops mode: 32-bit
Narrow klass base: 0x0000000000000000, Narrow klass shift: 3
Compressed class space size: 1073741824 Address: 0x0000000100000000

Heap:
 PSYoungGen      total 57344K, used 44865K [0x00000000d5580000, 0x00000000d9580000, 0x0000000100000000)
  eden space 49152K, 74% used [0x00000000d5580000,0x00000000d7954ac8,0x00000000d8580000)
  from space 8192K, 99% used [0x00000000d8580000,0x00000000d8d7bad8,0x00000000d8d80000)
  to   space 8192K, 0% used [0x00000000d8d80000,0x00000000d8d80000,0x00000000d9580000)
 ParOldGen       total 131072K, used 868K [0x0000000080000000, 0x0000000088000000, 0x00000000d5580000)
  object space 131072K, 0% used [0x0000000080000000,0x00000000800d9290,0x0000000088000000)
 Metaspace       used 19188K, capacity 19818K, committed 20096K, reserved 1067008K
  class space    used 2643K, capacity 2845K, committed 2944K, reserved 1048576K

Card table byte_map: [0x0000000012320000,0x0000000012730000] byte_map_base: 0x0000000011f20000

Marking Bits: (ParMarkBitMap*) 0x000000005ae4f030
 Begin Bits: [0x00000000131e0000, 0x00000000151e0000)
 End Bits:   [0x00000000151e0000, 0x00000000171e0000)

Polling page: 0x0000000001090000

CodeCache: size=245760Kb used=5932Kb max_used=5932Kb free=239827Kb
 bounds [0x0000000002f60000, 0x0000000003530000, 0x0000000011f60000]
 total_blobs=2148 nmethods=1735 adapters=326
 compilation: enabled

Compilation events (10 events):
Event: 4.512 Thread 0x0000000019ddc000 1737       3       java.util.concurrent.locks.AbstractQueuedSynchronizer::<init> (5 bytes)
Event: 4.512 Thread 0x0000000019ddc000 nmethod 1737 0x000000000352bf90 code [0x000000000352c100, 0x000000000352c310]
Event: 4.512 Thread 0x0000000019ddc000 1738       3       java.util.concurrent.locks.AbstractOwnableSynchronizer::<init> (5 bytes)
Event: 4.513 Thread 0x0000000019ddc000 nmethod 1738 0x000000000352c3d0 code [0x000000000352c520, 0x000000000352c6d0]
Event: 4.513 Thread 0x0000000019ddc000 1739       3       java.util.LinkedHashMap$LinkedValueIterator::next (8 bytes)
Event: 4.513 Thread 0x0000000019ddc000 nmethod 1739 0x000000000352c790 code [0x000000000352c900, 0x000000000352cb08]
Event: 4.517 Thread 0x0000000019ddc000 1740       3       org.gradle.internal.service.DefaultServiceRegistry::assertValidServiceType (51 bytes)
Event: 4.518 Thread 0x0000000019ddc000 nmethod 1740 0x000000000352cdd0 code [0x000000000352cfa0, 0x000000000352d6a8]
Event: 4.518 Thread 0x0000000019ddc000 1741       3       org.gradle.internal.service.DefaultServiceRegistry::access$1300 (4 bytes)
Event: 4.518 Thread 0x0000000019ddc000 nmethod 1741 0x000000000352d910 code [0x000000000352da60, 0x000000000352db90]

GC Heap History (6 events):
Event: 1.454 GC heap before
{Heap before GC invocations=1 (full 0):
 PSYoungGen      total 57344K, used 49152K [0x00000000d5580000, 0x00000000d9580000, 0x0000000100000000)
  eden space 49152K, 100% used [0x00000000d5580000,0x00000000d8580000,0x00000000d8580000)
  from space 8192K, 0% used [0x00000000d8d80000,0x00000000d8d80000,0x00000000d9580000)
  to   space 8192K, 0% used [0x00000000d8580000,0x00000000d8580000,0x00000000d8d80000)
 ParOldGen       total 131072K, used 0K [0x0000000080000000, 0x0000000088000000, 0x00000000d5580000)
  object space 131072K, 0% used [0x0000000080000000,0x0000000080000000,0x0000000088000000)
 Metaspace       used 7605K, capacity 7848K, committed 8064K, reserved 1056768K
  class space    used 932K, capacity 1039K, committed 1152K, reserved 1048576K
Event: 1.467 GC heap after
Heap after GC invocations=1 (full 0):
 PSYoungGen      total 57344K, used 4822K [0x00000000d5580000, 0x00000000d9580000, 0x0000000100000000)
  eden space 49152K, 0% used [0x00000000d5580000,0x00000000d5580000,0x00000000d8580000)
  from space 8192K, 58% used [0x00000000d8580000,0x00000000d8a35878,0x00000000d8d80000)
  to   space 8192K, 0% used [0x00000000d8d80000,0x00000000d8d80000,0x00000000d9580000)
 ParOldGen       total 131072K, used 8K [0x0000000080000000, 0x0000000088000000, 0x00000000d5580000)
  object space 131072K, 0% used [0x0000000080000000,0x0000000080002000,0x0000000088000000)
 Metaspace       used 7605K, capacity 7848K, committed 8064K, reserved 1056768K
  class space    used 932K, capacity 1039K, committed 1152K, reserved 1048576K
}
Event: 3.705 GC heap before
{Heap before GC invocations=2 (full 0):
 PSYoungGen      total 57344K, used 53974K [0x00000000d5580000, 0x00000000d9580000, 0x0000000100000000)
  eden space 49152K, 100% used [0x00000000d5580000,0x00000000d8580000,0x00000000d8580000)
  from space 8192K, 58% used [0x00000000d8580000,0x00000000d8a35878,0x00000000d8d80000)
  to   space 8192K, 0% used [0x00000000d8d80000,0x00000000d8d80000,0x00000000d9580000)
 ParOldGen       total 131072K, used 8K [0x0000000080000000, 0x0000000088000000, 0x00000000d5580000)
  object space 131072K, 0% used [0x0000000080000000,0x0000000080002000,0x0000000088000000)
 Metaspace       used 11625K, capacity 11898K, committed 12160K, reserved 1060864K
  class space    used 1543K, capacity 1645K, committed 1664K, reserved 1048576K
Event: 3.714 GC heap after
Heap after GC invocations=2 (full 0):
 PSYoungGen      total 57344K, used 6385K [0x00000000d5580000, 0x00000000d9580000, 0x0000000100000000)
  eden space 49152K, 0% used [0x00000000d5580000,0x00000000d5580000,0x00000000d8580000)
  from space 8192K, 77% used [0x00000000d8d80000,0x00000000d93bc5d8,0x00000000d9580000)
  to   space 8192K, 0% used [0x00000000d8580000,0x00000000d8580000,0x00000000d8d80000)
 ParOldGen       total 131072K, used 16K [0x0000000080000000, 0x0000000088000000, 0x00000000d5580000)
  object space 131072K, 0% used [0x0000000080000000,0x0000000080004000,0x0000000088000000)
 Metaspace       used 11625K, capacity 11898K, committed 12160K, reserved 1060864K
  class space    used 1543K, capacity 1645K, committed 1664K, reserved 1048576K
}
Event: 4.219 GC heap before
{Heap before GC invocations=3 (full 0):
 PSYoungGen      total 57344K, used 55537K [0x00000000d5580000, 0x00000000d9580000, 0x0000000100000000)
  eden space 49152K, 100% used [0x00000000d5580000,0x00000000d8580000,0x00000000d8580000)
  from space 8192K, 77% used [0x00000000d8d80000,0x00000000d93bc5d8,0x00000000d9580000)
  to   space 8192K, 0% used [0x00000000d8580000,0x00000000d8580000,0x00000000d8d80000)
 ParOldGen       total 131072K, used 16K [0x0000000080000000, 0x0000000088000000, 0x00000000d5580000)
  object space 131072K, 0% used [0x0000000080000000,0x0000000080004000,0x0000000088000000)
 Metaspace       used 16523K, capacity 17128K, committed 17280K, reserved 1064960K
  class space    used 2205K, capacity 2404K, committed 2432K, reserved 1048576K
Event: 4.225 GC heap after
Heap after GC invocations=3 (full 0):
 PSYoungGen      total 57344K, used 8174K [0x00000000d5580000, 0x00000000d9580000, 0x0000000100000000)
  eden space 49152K, 0% used [0x00000000d5580000,0x00000000d5580000,0x00000000d8580000)
  from space 8192K, 99% used [0x00000000d8580000,0x00000000d8d7bad8,0x00000000d8d80000)
  to   space 8192K, 0% used [0x00000000d8d80000,0x00000000d8d80000,0x00000000d9580000)
 ParOldGen       total 131072K, used 868K [0x0000000080000000, 0x0000000088000000, 0x00000000d5580000)
  object space 131072K, 0% used [0x0000000080000000,0x00000000800d9290,0x0000000088000000)
 Metaspace       used 16523K, capacity 17128K, committed 17280K, reserved 1064960K
  class space    used 2205K, capacity 2404K, committed 2432K, reserved 1048576K
}

Deoptimization events (10 events):
Event: 4.138 Thread 0x000000001af95000 Uncommon trap: reason=unstable_if action=reinterpret pc=0x0000000003289814 method=java.lang.String.substring(I)Ljava/lang/String; @ 35
Event: 4.142 Thread 0x000000001af95000 Uncommon trap: reason=unstable_if action=reinterpret pc=0x0000000003333784 method=java.lang.String.toUpperCase(Ljava/util/Locale;)Ljava/lang/String; @ 130
Event: 4.278 Thread 0x000000001af95000 Uncommon trap: reason=unstable_if action=reinterpret pc=0x0000000003287a30 method=java.util.LinkedHashMap.afterNodeInsertion(Z)V @ 1
Event: 4.279 Thread 0x000000001af95000 Uncommon trap: reason=unstable_if action=reinterpret pc=0x00000000031e3544 method=java.util.HashMap.getNode(ILjava/lang/Object;)Ljava/util/HashMap$Node; @ 129
Event: 4.279 Thread 0x000000001af95000 Uncommon trap: reason=bimorphic action=maybe_recompile pc=0x00000000034271e4 method=java.util.HashMap.putVal(ILjava/lang/Object;Ljava/lang/Object;ZZ)Ljava/lang/Object; @ 203
Event: 4.280 Thread 0x000000001af95000 Uncommon trap: reason=unstable_if action=reinterpret pc=0x00000000031c5910 method=java.util.HashMap.getNode(ILjava/lang/Object;)Ljava/util/HashMap$Node; @ 129
Event: 4.280 Thread 0x000000001af95000 Uncommon trap: reason=bimorphic action=maybe_recompile pc=0x00000000034271e4 method=java.util.HashMap.putVal(ILjava/lang/Object;Ljava/lang/Object;ZZ)Ljava/lang/Object; @ 203
Event: 4.374 Thread 0x000000001af95000 Uncommon trap: reason=unstable_if action=reinterpret pc=0x00000000034a288c method=java.util.jar.Attributes$Name.isDigit(C)Z @ 3
Event: 4.492 Thread 0x000000001af95000 Uncommon trap: reason=unstable_if action=reinterpret pc=0x000000000312f888 method=java.net.URI.match(CJJ)Z @ 19
Event: 4.492 Thread 0x000000001af95000 Uncommon trap: reason=unstable_if action=reinterpret pc=0x0000000003226a00 method=java.net.URI.match(CJJ)Z @ 19

Classes redefined (0 events):
No events

Internal exceptions (10 events):
Event: 3.730 Thread 0x000000001c971800 Exception <a 'java/lang/NoSuchMethodError': <clinit>> (0x00000000d55a9278) thrown at [C:\src\AOSP-openjdk-git\hotspot\src\share\vm\prims\jni.cpp, line 1615]
Event: 3.732 Thread 0x000000001c971800 Exception <a 'java/lang/NoSuchMethodError': <clinit>> (0x00000000d55bd820) thrown at [C:\src\AOSP-openjdk-git\hotspot\src\share\vm\prims\jni.cpp, line 1615]
Event: 3.749 Thread 0x000000001c971800 Exception <a 'java/lang/NoSuchMethodError': <clinit>> (0x00000000d567a550) thrown at [C:\src\AOSP-openjdk-git\hotspot\src\share\vm\prims\jni.cpp, line 1615]
Event: 3.759 Thread 0x000000001c971800 Exception <a 'java/lang/NoSuchMethodError': <clinit>> (0x00000000d56b49f8) thrown at [C:\src\AOSP-openjdk-git\hotspot\src\share\vm\prims\jni.cpp, line 1615]
Event: 3.768 Thread 0x000000001c971800 Exception <a 'java/lang/NoSuchMethodError': <clinit>> (0x00000000d56ea568) thrown at [C:\src\AOSP-openjdk-git\hotspot\src\share\vm\prims\jni.cpp, line 1615]
Event: 3.771 Thread 0x000000001c971800 Exception <a 'java/lang/NoSuchMethodError': <clinit>> (0x00000000d56f6ac8) thrown at [C:\src\AOSP-openjdk-git\hotspot\src\share\vm\prims\jni.cpp, line 1615]
Event: 4.163 Thread 0x000000001af95000 Exception <a 'java/lang/NoSuchMethodError': java.lang.Object.lambda$and$0(Ljava/util/function/Predicate;Ljava/lang/Object;)Z> (0x00000000d7c88058) thrown at [C:\src\AOSP-openjdk-git\hotspot\src\share\vm\interpreter\linkResolver.cpp, line 620]
Event: 4.166 Thread 0x000000001af95000 Exception <a 'java/lang/IncompatibleClassChangeError': Found class java.lang.Object, but interface was expected> (0x00000000d7c98350) thrown at [C:\src\AOSP-openjdk-git\hotspot\src\share\vm\interpreter\linkResolver.cpp, line 653]
Event: 4.167 Thread 0x000000001af95000 Exception <a 'java/lang/NoSuchMethodError': java.lang.Object.lambda$or$2(Ljava/util/function/Predicate;Ljava/lang/Object;)Z> (0x00000000d7c9cea0) thrown at [C:\src\AOSP-openjdk-git\hotspot\src\share\vm\interpreter\linkResolver.cpp, line 620]
Event: 4.309 Thread 0x000000001af95000 Exception <a 'java/lang/NoSuchMethodError': java.lang.Object.lambda$static$0(Lorg/gradle/internal/state/ModelObject;)Ljava/lang/String;> (0x00000000d64c20f8) thrown at [C:\src\AOSP-openjdk-git\hotspot\src\share\vm\interpreter\linkResolver.cpp, line 620]

Events (10 events):
Event: 4.529 loading class org/gradle/internal/taskgraph/CalculateTaskGraphBuildOperationType$TaskIdentity
Event: 4.529 loading class org/gradle/internal/taskgraph/CalculateTaskGraphBuildOperationType$TaskIdentity done
Event: 4.529 loading class org/gradle/initialization/DefaultTaskExecutionPreparer
Event: 4.529 loading class org/gradle/initialization/DefaultTaskExecutionPreparer done
Event: 4.530 loading class org/gradle/initialization/DefaultGradleLauncher
Event: 4.530 loading class org/gradle/initialization/DefaultGradleLauncher done
Event: 4.531 loading class org/gradle/api/internal/project/ProjectFactory
Event: 4.531 loading class org/gradle/api/internal/project/ProjectFactory done
Event: 4.531 loading class org/gradle/initialization/NotifyingBuildLoader
Event: 4.531 loading class org/gradle/initialization/NotifyingBuildLoader done


Dynamic libraries:
0x00007ff6c0790000 - 0x00007ff6c07c1000 	C:\Program Files\Android\Android Studio\jre\bin\java.exe
0x00007ff9b3650000 - 0x00007ff9b3845000 	C:\WINDOWS\SYSTEM32\ntdll.dll
0x00007ff9b1f20000 - 0x00007ff9b1fdd000 	C:\WINDOWS\System32\KERNEL32.DLL
0x00007ff9b1040000 - 0x00007ff9b1308000 	C:\WINDOWS\System32\KERNELBASE.dll
0x00007ff9b18f0000 - 0x00007ff9b199c000 	C:\WINDOWS\System32\ADVAPI32.dll
0x00007ff9b1760000 - 0x00007ff9b17fe000 	C:\WINDOWS\System32\msvcrt.dll
0x00007ff9b3510000 - 0x00007ff9b35ab000 	C:\WINDOWS\System32\sechost.dll
0x00007ff9b2590000 - 0x00007ff9b26bb000 	C:\WINDOWS\System32\RPCRT4.dll
0x00007ff9b1d80000 - 0x00007ff9b1f20000 	C:\WINDOWS\System32\USER32.dll
0x00007ff9b1680000 - 0x00007ff9b16a2000 	C:\WINDOWS\System32\win32u.dll
0x00007ff9b2bf0000 - 0x00007ff9b2c1a000 	C:\WINDOWS\System32\GDI32.dll
0x00007ff9b1360000 - 0x00007ff9b146b000 	C:\WINDOWS\System32\gdi32full.dll
0x00007ff9b0d90000 - 0x00007ff9b0e2d000 	C:\WINDOWS\System32\msvcp_win.dll
0x00007ff9b0eb0000 - 0x00007ff9b0fb0000 	C:\WINDOWS\System32\ucrtbase.dll
0x00007ff991180000 - 0x00007ff99141a000 	C:\WINDOWS\WinSxS\amd64_microsoft.windows.common-controls_6595b64144ccf1df_6.0.19041.844_none_ca00b6081b84eb1d\COMCTL32.dll
0x00007ff9b1b90000 - 0x00007ff9b1bc0000 	C:\WINDOWS\System32\IMM32.DLL
0x000000005b1e0000 - 0x000000005b2b2000 	C:\Program Files\Android\Android Studio\jre\jre\bin\msvcr100.dll
0x000000005a680000 - 0x000000005aecb000 	C:\Program Files\Android\Android Studio\jre\jre\bin\server\jvm.dll
0x00007ff9b26c0000 - 0x00007ff9b26c8000 	C:\WINDOWS\System32\PSAPI.DLL
0x00007ff9a46b0000 - 0x00007ff9a46b9000 	C:\WINDOWS\SYSTEM32\WSOCK32.dll
0x00007ff9a08a0000 - 0x00007ff9a08c7000 	C:\WINDOWS\SYSTEM32\WINMM.dll
0x00007ff9a8360000 - 0x00007ff9a836a000 	C:\WINDOWS\SYSTEM32\VERSION.dll
0x00007ff9b34a0000 - 0x00007ff9b350b000 	C:\WINDOWS\System32\WS2_32.dll
0x00007ff9a20b0000 - 0x00007ff9a20bf000 	C:\Program Files\Android\Android Studio\jre\jre\bin\verify.dll
0x00007ff97d200000 - 0x00007ff97d229000 	C:\Program Files\Android\Android Studio\jre\jre\bin\java.dll
0x00007ff9a12f0000 - 0x00007ff9a1306000 	C:\Program Files\Android\Android Studio\jre\jre\bin\zip.dll
0x00007ff9b2c20000 - 0x00007ff9b3362000 	C:\WINDOWS\System32\SHELL32.dll
0x00007ff9aeee0000 - 0x00007ff9af670000 	C:\WINDOWS\SYSTEM32\windows.storage.dll
0x00007ff9b2110000 - 0x00007ff9b2465000 	C:\WINDOWS\System32\combase.dll
0x00007ff9b0800000 - 0x00007ff9b082c000 	C:\WINDOWS\SYSTEM32\Wldp.dll
0x00007ff9b2b40000 - 0x00007ff9b2bee000 	C:\WINDOWS\System32\SHCORE.dll
0x00007ff9b3370000 - 0x00007ff9b33c5000 	C:\WINDOWS\System32\shlwapi.dll
0x00007ff9b0cd0000 - 0x00007ff9b0cef000 	C:\WINDOWS\SYSTEM32\profapi.dll
0x00007ff97da20000 - 0x00007ff97da3a000 	C:\Program Files\Android\Android Studio\jre\jre\bin\net.dll
0x00007ff9b0570000 - 0x00007ff9b05da000 	C:\WINDOWS\system32\mswsock.dll
0x00007ff97d1e0000 - 0x00007ff97d1f3000 	C:\Program Files\Android\Android Studio\jre\jre\bin\nio.dll
0x00007ff97b090000 - 0x00007ff97b0b7000 	C:\Users\PC\.gradle\native\f6784746aeab05261644944871eae4fe03e0ef1612fff0a4a95f87b438bc6780\windows-amd64\native-platform.dll
0x00007ff9a1d90000 - 0x00007ff9a1d9d000 	C:\Program Files\Android\Android Studio\jre\jre\bin\management.dll
0x00007ff9b0740000 - 0x00007ff9b0758000 	C:\WINDOWS\SYSTEM32\CRYPTSP.dll
0x00007ff9afea0000 - 0x00007ff9afed4000 	C:\WINDOWS\system32\rsaenh.dll
0x00007ff9b1010000 - 0x00007ff9b1037000 	C:\WINDOWS\System32\bcrypt.dll
0x00007ff9b0c90000 - 0x00007ff9b0cbe000 	C:\WINDOWS\SYSTEM32\USERENV.dll
0x00007ff9b0e30000 - 0x00007ff9b0eb0000 	C:\WINDOWS\System32\bcryptprimitives.dll
0x00007ff9b0760000 - 0x00007ff9b076c000 	C:\WINDOWS\SYSTEM32\CRYPTBASE.dll
0x00007ff9b0210000 - 0x00007ff9b024b000 	C:\WINDOWS\SYSTEM32\IPHLPAPI.DLL
0x00007ff9b1800000 - 0x00007ff9b1808000 	C:\WINDOWS\System32\NSI.dll
0x00007ff9aa230000 - 0x00007ff9aa247000 	C:\WINDOWS\SYSTEM32\dhcpcsvc6.DLL
0x00007ff9a9fc0000 - 0x00007ff9a9fdd000 	C:\WINDOWS\SYSTEM32\dhcpcsvc.DLL
0x00007ff9b0250000 - 0x00007ff9b031c000 	C:\WINDOWS\SYSTEM32\DNSAPI.dll
0x00007ff9aa2e0000 - 0x00007ff9aa2eb000 	C:\WINDOWS\SYSTEM32\WINNSI.DLL

VM Arguments:
jvm_args: -Xmx2048m -Dfile.encoding=UTF-8 -Duser.country=TR -Duser.language=tr -Duser.variant 
java_command: org.gradle.launcher.daemon.bootstrap.GradleDaemon 6.5
java_class_path (initial): C:\Users\PC\.gradle\wrapper\dists\gradle-6.5-bin\6nifqtx7604sqp1q6g8wikw7p\gradle-6.5\lib\gradle-launcher-6.5.jar
Launcher Type: SUN_STANDARD

Environment Variables:
JAVA_HOME=C:\Program Files\AdoptOpenJDK\jre-8.0.252.09-hotspot\
PATH=C:\Program Files\Microsoft MPI\Bin\;C:\Program Files (x86)\VMware\VMware Player\bin\;C:\Program Files (x86)\Common Files\Oracle\Java\javapath;C:\Program Files\Common Files\Oracle\Java\javapath;C:\Program Files\AdoptOpenJDK\jre-11.0.7.10-hotspot\bin;C:\Program Files\AdoptOpenJDK\jre-8.0.252.09-hotspot\bin;C:\Program Files (x86)\AdoptOpenJDK\jre-8.0.252.09-hotspot\bin;C:\WINDOWS\system32;C:\WINDOWS;C:\WINDOWS\System32\Wbem;C:\WINDOWS\System32\WindowsPowerShell\v1.0\;C:\WINDOWS\System32\OpenSSH\;C:\Program Files\Microsoft SQL Server\130\Tools\Binn\;C:\Program Files\dotnet\;C:\Program Files\Microsoft SQL Server\Client SDK\ODBC\170\Tools\Binn\;C:\Program Files\Azure Data Studio\bin;C:\Program Files (x86)\Microsoft SQL Server\150\DTS\Binn\;C:\Program Files (x86)\Microsoft SQL Server\150\Tools\Binn\;C:\Program Files\Microsoft SQL Server\150\Tools\Binn\;C:\Program Files\Microsoft SQL Server\150\DTS\Binn\;C:\Program Files (x86)\dotnet\;C:\Program Files\MySQL\MySQL Shell 8.0\bin\;C:\Users\PC\AppData\Local\Programs\Python\Launcher\;C:\Users\PC\AppData\Local\Microsoft\WindowsApps;;C:\Users\PC\AppData\Local\Programs\Microsoft VS Code\bin;C:\Users\PC\.dotnet\tools;C:\Program Files\Azure Data Studio\bin
USERNAME=PC
OS=Windows_NT
PROCESSOR_IDENTIFIER=Intel64 Family 6 Model 142 Stepping 10, GenuineIntel



---------------  S Y S T E M  ---------------

OS: Windows 10.0 , 64 bit Build 19041 (10.0.19041.928)

CPU:total 8 (initial active 8) (4 cores per cpu, 2 threads per core) family 6 model 142 stepping 10, cmov, cx8, fxsr, mmx, sse, sse2, sse3, ssse3, sse4.1, sse4.2, popcnt, avx, avx2, aes, clmul, erms, 3dnowpref, lzcnt, ht, tsc, tscinvbit, bmi1, bmi2, adx

Memory: 4k page, physical 12454628k(2219416k free), swap 22971712k(5148k free)

vm_info: OpenJDK 64-Bit Server VM (25.242-b01) for windows-amd64 JRE (1.8.0_242-release-1644-b01), built by "builder" with MS VC++ 10.0 (VS2010)

time: Thu Jun 10 20:25:54 2021
timezone: Türkiye Standart Saati
elapsed time: 4 seconds (0d 0h 0m 4s)

